<?xml version="1.0" encoding="UTF-8"?>
<!-- Generated by org.testng.reporters.JUnitReportReporter -->
<testsuite hostname="DESKTOP-3IM63I8" failures="0" tests="2" name="testNGExecution.TestMethod1" time="0.739" errors="0" timestamp="2023-07-18T03:23:46 GMT-05:00" skipped="0">
  <testcase classname="testNGExecution.TestMethod1" name="testMethod1" time="0.376">
    <system-out>
      <![CDATA[thread id of testMethod1:16]]>
    </system-out>
  </testcase> <!-- testMethod1 -->
  <testcase classname="testNGExecution.TestMethod1" name="testMethod2" time="0.363">
    <system-out>
      <![CDATA[thread id of testMethod2:17]]>
    </system-out>
  </testcase> <!-- testMethod2 -->
  <system-out>
    <![CDATA[thread id of testMethod2:19
thread id of testMethod1:20
thread id of testMethod1:18
thread id of testMethod2:17
thread id of testMethod1:16
thread id of testMethod2:19]]>
  </system-out>
</testsuite> <!-- testNGExecution.TestMethod1 -->
