<?xml version="1.0" encoding="UTF-8"?>
<!-- Generated by org.testng.reporters.JUnitReportReporter -->
<testsuite hostname="DESKTOP-3IM63I8" failures="0" tests="3" name="testNGAnnotations_Flags.GoogleSearchTestCase" time="23.206" errors="0" timestamp="2023-07-28T10:49:14 GMT-05:00" skipped="0">
  <testcase classname="testNGAnnotations_Flags.GoogleSearchTestCase" name="search1" time="9.048"/>
  <testcase classname="testNGAnnotations_Flags.GoogleSearchTestCase" name="search3" time="8.722"/>
  <testcase classname="testNGAnnotations_Flags.GoogleSearchTestCase" name="search2" time="5.436"/>
</testsuite> <!-- testNGAnnotations_Flags.GoogleSearchTestCase -->
