<?xml version="1.0" encoding="UTF-8"?>
<!-- Generated by org.testng.reporters.JUnitReportReporter -->
<testsuite hostname="DESKTOP-3IM63I8" failures="0" tests="5" name="testNGAnnotations_Flags.ActitimeDataProvider" time="53.961" errors="0" timestamp="2023-07-28T10:27:11 GMT-05:00" skipped="0">
  <testcase classname="testNGAnnotations_Flags.ActitimeDataProvider" name="invalidLoginMethod" time="8.549"/>
  <testcase classname="testNGAnnotations_Flags.ActitimeDataProvider" name="invalidLoginMethod" time="12.362"/>
  <testcase classname="testNGAnnotations_Flags.ActitimeDataProvider" name="invalidLoginMethod" time="15.408"/>
  <testcase classname="testNGAnnotations_Flags.ActitimeDataProvider" name="invalidLoginMethod" time="8.207"/>
  <testcase classname="testNGAnnotations_Flags.ActitimeDataProvider" name="invalidLoginMethod" time="9.435"/>
</testsuite> <!-- testNGAnnotations_Flags.ActitimeDataProvider -->
