<?xml version="1.0" encoding="UTF-8"?>
<!-- Generated by org.testng.reporters.JUnitReportReporter -->
<testsuite hostname="DESKTOP-3IM63I8" failures="0" tests="1" name="testNG.Sumo" time="0.069" errors="0" timestamp="2023-07-28T10:48:19 GMT-05:00" skipped="0">
  <testcase classname="testNG.Sumo" name="h" time="0.069">
    <system-out>
      <![CDATA[This is Sumo TestNG Class!!]]>
    </system-out>
  </testcase> <!-- h -->
  <system-out>
    <![CDATA[This is Sumo TestNG Class!!]]>
  </system-out>
</testsuite> <!-- testNG.Sumo -->
