<?xml version="1.0" encoding="UTF-8"?>
<!-- Generated by org.testng.reporters.JUnitReportReporter -->
<testsuite hostname="DESKTOP-3IM63I8" failures="0" tests="2" name="testNGExecution.TestMethod2" time="0.318" errors="0" timestamp="2023-07-18T03:23:46 GMT-05:00" skipped="0">
  <testcase classname="testNGExecution.TestMethod2" name="testMethod4" time="0.010">
    <system-out>
      <![CDATA[thread id of testMethod2:19]]>
    </system-out>
  </testcase> <!-- testMethod4 -->
  <testcase classname="testNGExecution.TestMethod2" name="testMethod3" time="0.308">
    <system-out>
      <![CDATA[thread id of testMethod1:20]]>
    </system-out>
  </testcase> <!-- testMethod3 -->
  <system-out>
    <![CDATA[thread id of testMethod2:19
thread id of testMethod1:20
thread id of testMethod1:18
thread id of testMethod2:17
thread id of testMethod1:16
thread id of testMethod2:19]]>
  </system-out>
</testsuite> <!-- testNGExecution.TestMethod2 -->
