<?xml version="1.0" encoding="UTF-8"?>
<!-- Generated by org.testng.reporters.JUnitReportReporter -->
<testsuite hostname="DESKTOP-3IM63I8" failures="0" tests="2" name="testNGExecution.TestMethod3" time="0.673" errors="0" timestamp="2023-07-18T03:23:46 GMT-05:00" skipped="0">
  <testcase classname="testNGExecution.TestMethod3" name="testMethod6" time="0.322">
    <system-out>
      <![CDATA[thread id of testMethod2:19]]>
    </system-out>
  </testcase> <!-- testMethod6 -->
  <testcase classname="testNGExecution.TestMethod3" name="testMethod5" time="0.351">
    <system-out>
      <![CDATA[thread id of testMethod1:18]]>
    </system-out>
  </testcase> <!-- testMethod5 -->
  <system-out>
    <![CDATA[thread id of testMethod2:19
thread id of testMethod1:20
thread id of testMethod1:18
thread id of testMethod2:17
thread id of testMethod1:16
thread id of testMethod2:19]]>
  </system-out>
</testsuite> <!-- testNGExecution.TestMethod3 -->
