<?xml version="1.0" encoding="UTF-8"?>
<!-- Generated by org.testng.reporters.JUnitReportReporter -->
<testsuite hostname="DESKTOP-3IM63I8" failures="0" tests="1" name="testNG.Remo" time="0.009" errors="0" timestamp="2023-07-18T02:07:32 GMT-05:00" skipped="0">
  <testcase classname="testNG.Remo" name="g" time="0.009">
    <system-out>
      <![CDATA[This is Remo TestNG Class!!]]>
    </system-out>
  </testcase> <!-- g -->
  <system-out>
    <![CDATA[This is Sumo TestNG Class!!
This is Remo TestNG Class!!]]>
  </system-out>
</testsuite> <!-- testNG.Remo -->
